{"name": "test_guest_cant_see_success_message_after_adding_product_to_basket", "status": "skipped", "statusDetails": {"message": "XFAIL fixing this bug right now\n\nAssertionError: Success message is presented, but should not be", "trace": "self = <module_5.test_product_page.TestProductPage object at 0x000002A0FF585D30>, browser = <selenium.webdriver.chrome.webdriver.WebDriver (session=\"da05352ddaddf772d56db518dee658df\")>\n\n    @pytest.mark.xfail(reason=\"fixing this bug right now\")\n    def test_guest_cant_see_success_message_after_adding_product_to_basket(self,browser):\n        # Data\n        link = \"http://selenium1py.pythonanywhere.com/catalogue/coders-at-work_207/\"\n        # Arrange\n        page = ProductPage(browser, link)\n        # Act\n        page.open()\n        page.add_to_basket()\n        # Assert\n>       page.should_not_be_success_message()\n\ntest_product_page.py:54: \n_ _ _ _ _ _ _ _ _ _ _ _ _ _ _ _ _ _ _ _ _ _ _ _ _ _ _ _ _ _ _ _ _ _ _ _ _ _ _ _ _ _ _ _ _ _ _ _ _ _ _ _ _ _ _ _ _ _ _ _ _ _ _ _ _ _ _ _ _ _ _ _ _ _ _ _ _ _ _ _ _ _ _ _ _ _ _ _ _ _ _ _ _ _ _ _ _ _ _ _ _ _ _ _ _ _ _ _ _ _ _ _ _ _ _ _ _ \n\nself = <module_5.pages.product_page.ProductPage object at 0x000002A0FF5CB370>\n\n    def should_not_be_success_message(self):\n>       assert self.is_not_element_present(*ProductPageLocators.SUCCESS_MESSAGE), \\\n            \"Success message is presented, but should not be\"\nE       AssertionError: Success message is presented, but should not be\n\npages\\product_page.py:45: AssertionError"}, "attachments": [{"name": "stdout", "source": "87038dfa-4999-4d8f-bac3-6b5eff1fdecc-attachment.txt", "type": "text/plain"}], "start": 1607929231737, "stop": 1607929234643, "uuid": "7671b680-f5b5-43d5-aed6-26f54280f0f6", "historyId": "73a493c161f5189f89249bf7a7c46bd7", "testCaseId": "2ea4af866a6f0b6145e4e6caa3eec1ae", "fullName": "module_5.test_product_page.TestProductPage#test_guest_cant_see_success_message_after_adding_product_to_basket", "labels": [{"name": "tag", "value": "@pytest.mark.xfail(reason='fixing this bug right now')"}, {"name": "parentSuite", "value": "module_5"}, {"name": "suite", "value": "test_product_page"}, {"name": "subSuite", "value": "TestProductPage"}, {"name": "host", "value": "spbnb-prc2461"}, {"name": "thread", "value": "37452-MainThread"}, {"name": "framework", "value": "pytest"}, {"name": "language", "value": "cpython3"}, {"name": "package", "value": "module_5.test_product_page"}]}